<?xml version="1.0" encoding="UTF-8"?>
<!-- Generated by org.testng.reporters.JUnitReportReporter -->
<testsuite hostname="binsy" failures="0" tests="4" name="Testngsession.CrossBrowserTesting" time="23.369" errors="0" timestamp="2023-08-29T09:29:43 GST" skipped="0">
  <testcase classname="Testngsession.CrossBrowserTesting" name="testExamplePageOnMultipleBrowsers" time="7.616"/>
  <testcase classname="Testngsession.CrossBrowserTesting" name="testExamplePageOnMultipleBrowsers" time="11.910"/>
  <testcase classname="Testngsession.CrossBrowserTesting" name="loginTest" time="1.022"/>
  <testcase classname="Testngsession.CrossBrowserTesting" name="loginTest" time="2.821"/>
</testsuite> <!-- Testngsession.CrossBrowserTesting -->
